<?xml version="1.0" encoding="UTF-8"?>
<!-- Generated by org.testng.reporters.JUnitXMLReporter -->
<testsuite hostname="DESKTOP-0KA7J7A" name="Default test" tests="4" failures="0" timestamp="27 Jun 2021 19:45:53 GMT" time="9.17" errors="0">
  <testcase name="A1" time="9.135" classname="demo.TestCLass"/>
  <testcase name="A2" time="0.003" classname="demo.TestCLass"/>
  <testcase name="A3" time="0.004" classname="demo.TestCLass"/>
  <testcase name="A4" time="0.003" classname="demo.TestCLass"/>
</testsuite> <!-- Default test -->
