<?xml version="1.0" encoding="UTF-8"?>
<!-- Generated by org.testng.reporters.JUnitXMLReporter -->
<testsuite hostname="DESKTOP-0KA7J7A" name="Test" tests="8" failures="0" timestamp="28 Jun 2021 14:56:36 GMT" time="23.786" errors="0">
  <testcase name="B1" time="16.68" classname="demo.TestClass2"/>
  <testcase name="B2" time="0.0" classname="demo.TestClass2"/>
  <testcase name="B3" time="0.014" classname="demo.TestClass2"/>
  <testcase name="B4" time="0.0" classname="demo.TestClass2"/>
  <testcase name="A1" time="7.078" classname="demo.TestCLass"/>
  <testcase name="A2" time="0.001" classname="demo.TestCLass"/>
  <testcase name="A3" time="0.001" classname="demo.TestCLass"/>
  <testcase name="A4" time="0.0" classname="demo.TestCLass"/>
</testsuite> <!-- Test -->
