<?xml version="1.0" encoding="UTF-8"?>
<testng-results skipped="0" failed="0" total="8" passed="8">
  <reporter-output>
  </reporter-output>
  <suite name="Suite" duration-ms="23786" started-at="2021-06-28T14:56:12Z" finished-at="2021-06-28T14:56:36Z">
    <groups>
    </groups>
    <test name="Test" duration-ms="23786" started-at="2021-06-28T14:56:12Z" finished-at="2021-06-28T14:56:36Z">
      <class name="demo.TestClass2">
        <test-method status="PASS" signature="B1()[pri:0, instance:demo.TestClass2@153f5a29]" name="B1" duration-ms="16680" started-at="2021-06-28T20:26:12Z" finished-at="2021-06-28T20:26:29Z">
          <reporter-output>
          </reporter-output>
        </test-method> <!-- B1 -->
        <test-method status="PASS" signature="B2()[pri:0, instance:demo.TestClass2@153f5a29]" name="B2" duration-ms="0" started-at="2021-06-28T20:26:29Z" finished-at="2021-06-28T20:26:29Z">
          <reporter-output>
          </reporter-output>
        </test-method> <!-- B2 -->
        <test-method status="PASS" signature="B3()[pri:0, instance:demo.TestClass2@153f5a29]" name="B3" duration-ms="14" started-at="2021-06-28T20:26:29Z" finished-at="2021-06-28T20:26:29Z">
          <reporter-output>
          </reporter-output>
        </test-method> <!-- B3 -->
        <test-method status="PASS" signature="B4()[pri:0, instance:demo.TestClass2@153f5a29]" name="B4" duration-ms="0" started-at="2021-06-28T20:26:29Z" finished-at="2021-06-28T20:26:29Z">
          <reporter-output>
          </reporter-output>
        </test-method> <!-- B4 -->
      </class> <!-- demo.TestClass2 -->
      <class name="demo.TestCLass">
        <test-method status="PASS" signature="A1()[pri:0, instance:demo.TestCLass@7225790e]" name="A1" duration-ms="7078" started-at="2021-06-28T20:26:29Z" finished-at="2021-06-28T20:26:36Z">
          <reporter-output>
          </reporter-output>
        </test-method> <!-- A1 -->
        <test-method status="PASS" signature="A2()[pri:0, instance:demo.TestCLass@7225790e]" name="A2" duration-ms="1" started-at="2021-06-28T20:26:36Z" finished-at="2021-06-28T20:26:36Z">
          <reporter-output>
          </reporter-output>
        </test-method> <!-- A2 -->
        <test-method status="PASS" signature="A3()[pri:0, instance:demo.TestCLass@7225790e]" name="A3" duration-ms="1" started-at="2021-06-28T20:26:36Z" finished-at="2021-06-28T20:26:36Z">
          <reporter-output>
          </reporter-output>
        </test-method> <!-- A3 -->
        <test-method status="PASS" signature="A4()[pri:0, instance:demo.TestCLass@7225790e]" name="A4" duration-ms="0" started-at="2021-06-28T20:26:36Z" finished-at="2021-06-28T20:26:36Z">
          <reporter-output>
          </reporter-output>
        </test-method> <!-- A4 -->
      </class> <!-- demo.TestCLass -->
    </test> <!-- Test -->
  </suite> <!-- Suite -->
</testng-results>
