<?xml version="1.0" encoding="UTF-8"?>
<testsuite xmlns:xsi="http://www.w3.org/2001/XMLSchema-instance" xsi:noNamespaceSchemaLocation="https://maven.apache.org/surefire/maven-surefire-plugin/xsd/surefire-test-report-3.0.xsd" version="3.0" name="TestSuite" time="24.56" tests="8" errors="0" skipped="0" failures="0">
  <properties>
[...]
</properties>
  <testcase name="B1" classname="demo.TestClass2" time="16.679"/>
  <testcase name="B2" classname="demo.TestClass2" time="0"/>
  <testcase name="B3" classname="demo.TestClass2" time="0"/>
  <testcase name="B4" classname="demo.TestClass2" time="0"/>
  <testcase name="A1" classname="demo.TestCLass" time="7.078"/>
  <testcase name="A2" classname="demo.TestCLass" time="0"/>
  <testcase name="A3" classname="demo.TestCLass" time="0"/>
  <testcase name="A4" classname="demo.TestCLass" time="0"/>
</testsuite>